GET -/welcome - Fri, 26 Sep 2025 10:39:41 GMT - 131.842 ms
GET -/assets/js/start.js - Fri, 26 Sep 2025 10:39:41 GMT - 1.588 ms
POST -/register - Fri, 26 Sep 2025 10:39:44 GMT - 3.202 ms
GET -/welcome - Fri, 26 Sep 2025 10:39:44 GMT - 16.830 ms
GET -/assets/js/start.js - Fri, 26 Sep 2025 10:39:44 GMT - 2.481 ms
GET -/welcome - Fri, 26 Sep 2025 10:42:01 GMT - 114.333 ms
POST -/register - Fri, 26 Sep 2025 10:42:03 GMT - 2.129 ms
GET -/welcome - Fri, 26 Sep 2025 10:42:03 GMT - 6.518 ms
POST -/register - Fri, 26 Sep 2025 10:42:05 GMT - 0.653 ms
GET -/welcome - Fri, 26 Sep 2025 10:42:05 GMT - 3.641 ms
POST -/register - Fri, 26 Sep 2025 10:42:23 GMT - 0.206 ms
GET -/welcome - Fri, 26 Sep 2025 10:42:23 GMT - 5.240 ms
POST -/register - Fri, 26 Sep 2025 10:44:10 GMT - 2.931 ms
GET -/welcome - Fri, 26 Sep 2025 10:44:10 GMT - 159.918 ms
GET -/register - Fri, 26 Sep 2025 10:44:13 GMT - 19.065 ms
POST -/welcome - Fri, 26 Sep 2025 10:44:33 GMT - 1.687 ms
GET -/register - Fri, 26 Sep 2025 10:44:33 GMT - 25.240 ms
GET -/welcome - Fri, 26 Sep 2025 10:45:39 GMT - 121.776 ms
GET -/register - Fri, 26 Sep 2025 10:45:42 GMT - 16.813 ms
GET -/welcome - Fri, 26 Sep 2025 10:45:44 GMT - 12.225 ms
GET -/register - Fri, 26 Sep 2025 10:45:49 GMT - 17.532 ms
GET -/welcome - Fri, 26 Sep 2025 10:45:51 GMT - 8.649 ms
